üöÄ Starting Secure Code Generation Pipeline
Project dir : /home/ugrads/ykw5396/basic-rl-feedback-workflow
Output base : /scratch/ykw5396/llm_outputs
==========================================

Step 1: Generating C code with LLM...
‚úÖ Using device: cuda
üîÑ Loading model: WizardLM/WizardCoder-1B-V1.0
Traceback (most recent call last):
  File "/scratch/ykw5396/klee-venv/lib64/python3.11/site-packages/huggingface_hub/utils/_http.py", line 407, in hf_raise_for_status
    response.raise_for_status()
  File "/scratch/ykw5396/klee-venv/lib64/python3.11/site-packages/requests/models.py", line 1026, in raise_for_status
    raise HTTPError(http_error_msg, response=self)
requests.exceptions.HTTPError: 404 Client Error: Not Found for url: https://huggingface.co/WizardLM/WizardCoder-1B-V1.0/resolve/main/tokenizer_config.json

The above exception was the direct cause of the following exception:

Traceback (most recent call last):
  File "/scratch/ykw5396/klee-venv/lib64/python3.11/site-packages/transformers/utils/hub.py", line 479, in cached_files
    hf_hub_download(
  File "/scratch/ykw5396/klee-venv/lib64/python3.11/site-packages/huggingface_hub/utils/_validators.py", line 114, in _inner_fn
    return fn(*args, **kwargs)
           ^^^^^^^^^^^^^^^^^^^
  File "/scratch/ykw5396/klee-venv/lib64/python3.11/site-packages/huggingface_hub/file_download.py", line 1010, in hf_hub_download
    return _hf_hub_download_to_cache_dir(
           ^^^^^^^^^^^^^^^^^^^^^^^^^^^^^^
  File "/scratch/ykw5396/klee-venv/lib64/python3.11/site-packages/huggingface_hub/file_download.py", line 1117, in _hf_hub_download_to_cache_dir
    _raise_on_head_call_error(head_call_error, force_download, local_files_only)
  File "/scratch/ykw5396/klee-venv/lib64/python3.11/site-packages/huggingface_hub/file_download.py", line 1658, in _raise_on_head_call_error
    raise head_call_error
  File "/scratch/ykw5396/klee-venv/lib64/python3.11/site-packages/huggingface_hub/file_download.py", line 1546, in _get_metadata_or_catch_error
    metadata = get_hf_file_metadata(
               ^^^^^^^^^^^^^^^^^^^^^
  File "/scratch/ykw5396/klee-venv/lib64/python3.11/site-packages/huggingface_hub/utils/_validators.py", line 114, in _inner_fn
    return fn(*args, **kwargs)
           ^^^^^^^^^^^^^^^^^^^
  File "/scratch/ykw5396/klee-venv/lib64/python3.11/site-packages/huggingface_hub/file_download.py", line 1463, in get_hf_file_metadata
    r = _request_wrapper(
        ^^^^^^^^^^^^^^^^^
  File "/scratch/ykw5396/klee-venv/lib64/python3.11/site-packages/huggingface_hub/file_download.py", line 286, in _request_wrapper
    response = _request_wrapper(
               ^^^^^^^^^^^^^^^^^
  File "/scratch/ykw5396/klee-venv/lib64/python3.11/site-packages/huggingface_hub/file_download.py", line 310, in _request_wrapper
    hf_raise_for_status(response)
  File "/scratch/ykw5396/klee-venv/lib64/python3.11/site-packages/huggingface_hub/utils/_http.py", line 457, in hf_raise_for_status
    raise _format(RepositoryNotFoundError, message, response) from e
huggingface_hub.errors.RepositoryNotFoundError: 404 Client Error. (Request ID: Root=1-68f673ea-0d020cdb67255de72b2ad9ae;efe44160-a52b-4fd1-a632-a2906c9ad606)

Repository Not Found for url: https://huggingface.co/WizardLM/WizardCoder-1B-V1.0/resolve/main/tokenizer_config.json.
Please make sure you specified the correct `repo_id` and `repo_type`.
If you are trying to access a private or gated repo, make sure you are authenticated. For more details, see https://huggingface.co/docs/huggingface_hub/authentication

The above exception was the direct cause of the following exception:

Traceback (most recent call last):
  File "/home/ugrads/ykw5396/basic-rl-feedback-workflow/run_llm.py", line 51, in <module>
    tokenizer = AutoTokenizer.from_pretrained(
                ^^^^^^^^^^^^^^^^^^^^^^^^^^^^^^
  File "/scratch/ykw5396/klee-venv/lib64/python3.11/site-packages/transformers/models/auto/tokenization_auto.py", line 1073, in from_pretrained
    tokenizer_config = get_tokenizer_config(pretrained_model_name_or_path, **kwargs)
                       ^^^^^^^^^^^^^^^^^^^^^^^^^^^^^^^^^^^^^^^^^^^^^^^^^^^^^^^^^^^^^
  File "/scratch/ykw5396/klee-venv/lib64/python3.11/site-packages/transformers/models/auto/tokenization_auto.py", line 905, in get_tokenizer_config
    resolved_config_file = cached_file(
                           ^^^^^^^^^^^^
  File "/scratch/ykw5396/klee-venv/lib64/python3.11/site-packages/transformers/utils/hub.py", line 322, in cached_file
    file = cached_files(path_or_repo_id=path_or_repo_id, filenames=[filename], **kwargs)
           ^^^^^^^^^^^^^^^^^^^^^^^^^^^^^^^^^^^^^^^^^^^^^^^^^^^^^^^^^^^^^^^^^^^^^^^^^^^^^
  File "/scratch/ykw5396/klee-venv/lib64/python3.11/site-packages/transformers/utils/hub.py", line 511, in cached_files
    raise OSError(
OSError: WizardLM/WizardCoder-1B-V1.0 is not a local folder and is not a valid model identifier listed on 'https://huggingface.co/models'
If this is a private repository, make sure to pass a token having permission to this repo either by logging in with `hf auth login` or by passing `token=<your_token>`
‚ùå LLM code generation failed!
